This is pdfTeX, Version 3.14159265-2.6-1.40.21 (MiKTeX 20.10) (preloaded format=pdflatex 2020.10.13)  13 OCT 2020 21:30
entering extended mode
**"./ICT Assignment.tex"
("ICT Assignment.tex"
LaTeX2e <2020-10-01> patch level 1
L3 programming layer <2020-10-05> xparse <2020-03-03>
(C:\MikTex\tex/latex/base\article.cls
Document Class: article 2020/04/10 v1.4m Standard LaTeX document class
(C:\MikTex\tex/latex/base\size10.clo
File: size10.clo 2020/04/10 v1.4m Standard LaTeX file (size option)
)
\c@part=\count175
\c@section=\count176
\c@subsection=\count177
\c@subsubsection=\count178
\c@paragraph=\count179
\c@subparagraph=\count180
\c@figure=\count181
\c@table=\count182
\abovecaptionskip=\skip47
\belowcaptionskip=\skip48
\bibindent=\dimen138
)
(C:\MikTex\tex/latex/graphics\graphicx.sty
Package: graphicx 2020/09/09 v1.2b Enhanced LaTeX Graphics (DPC,SPQR)

(C:\MikTex\tex/latex/graphics\keyval.sty
Package: keyval 2014/10/28 v1.15 key=value parser (DPC)
\KV@toks@=\toks15
)
(C:\MikTex\tex/latex/graphics\graphics.sty
Package: graphics 2020/08/30 v1.4c Standard LaTeX Graphics (DPC,SPQR)

(C:\MikTex\tex/latex/graphics\trig.sty
Package: trig 2016/01/03 v1.10 sin cos tan (DPC)
)
(C:\MikTex\tex/latex/graphics-cfg\graphics.cfg
File: graphics.cfg 2016/06/04 v1.11 sample graphics configuration
)
Package graphics Info: Driver file: pdftex.def on input line 105.

(C:\MikTex\tex/latex/graphics-def\pdftex.def
File: pdftex.def 2020/10/05 v1.2a Graphics/color driver for pdftex
))
\Gin@req@height=\dimen139
\Gin@req@width=\dimen140
)
(C:\MikTex\tex/latex/fancyhdr\fancyhdr.sty
Package: fancyhdr 2019/01/31 v3.10 Extensive control of page headers and footer
s
\f@nch@headwidth=\skip49
\f@nch@O@elh=\skip50
\f@nch@O@erh=\skip51
\f@nch@O@olh=\skip52
\f@nch@O@orh=\skip53
\f@nch@O@elf=\skip54
\f@nch@O@erf=\skip55
\f@nch@O@olf=\skip56
\f@nch@O@orf=\skip57
)
(C:\MikTex\tex/latex/l3backend\l3backend-pdftex.def
File: l3backend-pdftex.def 2020-09-24 L3 backend support: PDF output (pdfTeX)
\l__kernel_color_stack_int=\count183
\l__pdf_internal_box=\box47
)

LaTeX Warning: Unused global option(s):
    [20pt].

("ICT Assignment.aux")
\openout1 = `"ICT Assignment.aux"'.

LaTeX Font Info:    Checking defaults for OML/cmm/m/it on input line 10.
LaTeX Font Info:    ... okay on input line 10.
LaTeX Font Info:    Checking defaults for OMS/cmsy/m/n on input line 10.
LaTeX Font Info:    ... okay on input line 10.
LaTeX Font Info:    Checking defaults for OT1/cmr/m/n on input line 10.
LaTeX Font Info:    ... okay on input line 10.
LaTeX Font Info:    Checking defaults for T1/cmr/m/n on input line 10.
LaTeX Font Info:    ... okay on input line 10.
LaTeX Font Info:    Checking defaults for TS1/cmr/m/n on input line 10.
LaTeX Font Info:    ... okay on input line 10.
LaTeX Font Info:    Checking defaults for OMX/cmex/m/n on input line 10.
LaTeX Font Info:    ... okay on input line 10.
LaTeX Font Info:    Checking defaults for U/cmr/m/n on input line 10.
LaTeX Font Info:    ... okay on input line 10.
 (C:\MikTex\tex/context/base/mkii\supp-pdf.mkii
[Loading MPS to PDF converter (version 2006.09.02).]
\scratchcounter=\count184
\scratchdimen=\dimen141
\scratchbox=\box48
\nofMPsegments=\count185
\nofMParguments=\count186
\everyMPshowfont=\toks16
\MPscratchCnt=\count187
\MPscratchDim=\dimen142
\MPnumerator=\count188
\makeMPintoPDFobject=\count189
\everyMPtoPDFconversion=\toks17
) (C:\MikTex\tex/latex/epstopdf-pkg\epstopdf-base.sty
Package: epstopdf-base 2020-01-24 v2.11 Base part for package epstopdf
Package epstopdf-base Info: Redefining graphics rule for `.eps' on input line 4
85.
)
LaTeX Font Info:    External font `cmex10' loaded for size
(Font)              <24.88> on input line 12.
LaTeX Font Info:    External font `cmex10' loaded for size
(Font)              <20.74> on input line 12.
LaTeX Font Info:    External font `cmex10' loaded for size
(Font)              <17.28> on input line 12.
<abc.jpg, id=1, 1084.05pt x 718.685pt>
File: abc.jpg Graphic file (type jpg)
<use abc.jpg>
Package pdftex.def Info: abc.jpg  used on input line 19.
(pdftex.def)             Requested size: 144.54pt x 95.82297pt.

Overfull \hbox (90.8422pt too wide) in paragraph at lines 18--20
[]  [] 
 []


Underfull \hbox (badness 10000) in paragraph at lines 26--31

 []

[1

{C:/Users/Saad Ahmad/AppData/Local/MiKTeX/pdftex/config/pdftex.map} <./abc.jpg>
] ("ICT Assignment.aux") ) 
Here is how much of TeX's memory you used:
 1324 strings out of 480236
 18821 string characters out of 2897060
 286266 words of memory out of 3000000
 17920 multiletter control sequences out of 15000+200000
 538870 words of font info for 41 fonts, out of 3000000 for 9000
 1141 hyphenation exceptions out of 8191
 60i,5n,66p,216b,775s stack positions out of 5000i,500n,10000p,200000b,50000s
<C:/MikTex/fonts/type1/public/amsfonts/cm/cmr10.pfb><
C:/MikTex/fonts/type1/public/amsfonts/cm/cmr17.pfb><C:/MikTex/fonts/type1/publi
c/amsfonts/cm/cmti12.pfb>
Output written on "ICT Assignment.pdf" (1 page, 126487 bytes).
PDF statistics:
 19 PDF objects out of 1000 (max. 8388607)
 0 named destinations out of 1000 (max. 500000)
 6 words of extra memory for PDF output out of 10000 (max. 10000000)

